
*** Running vivado
    with args -log system_wrapper.vdi -applog -m64 -product Vivado -messageDb vivado.pb -mode batch -source system_wrapper.tcl -notrace


****** Vivado v2017.4 (64-bit)
  **** SW Build 2086221 on Fri Dec 15 20:54:30 MST 2017
  **** IP Build 2085800 on Fri Dec 15 22:25:07 MST 2017
    ** Copyright 1986-2017 Xilinx, Inc. All Rights Reserved.

source system_wrapper.tcl -notrace
INFO: [IP_Flow 19-234] Refreshing IP repositories
INFO: [IP_Flow 19-1704] No user IP repositories specified
INFO: [IP_Flow 19-2313] Loaded Vivado IP repository '/opt/Xilinx/Vivado/2017.4/data/ip'.
Command: link_design -top system_wrapper -part xc7z020clg400-1
Design is defaulting to srcset: sources_1
Design is defaulting to constrset: constrs_1
INFO: [Project 1-454] Reading design checkpoint '/home/suhail/Documents/UART/UART.srcs/sources_1/bd/system/ip/system_axi_gpio_0_0/system_axi_gpio_0_0.dcp' for cell 'system_i/axi_gpio_0'
INFO: [Project 1-454] Reading design checkpoint '/home/suhail/Documents/UART/UART.srcs/sources_1/bd/system/ip/system_axi_gpio_1_0/system_axi_gpio_1_0.dcp' for cell 'system_i/axi_gpio_1'
INFO: [Project 1-454] Reading design checkpoint '/home/suhail/Documents/UART/UART.srcs/sources_1/bd/system/ip/system_axi_uartlite_0_0/system_axi_uartlite_0_0.dcp' for cell 'system_i/axi_uartlite_0'
INFO: [Project 1-454] Reading design checkpoint '/home/suhail/Documents/UART/UART.srcs/sources_1/bd/system/ip/system_processing_system7_0_0/system_processing_system7_0_0.dcp' for cell 'system_i/processing_system7_0'
INFO: [Project 1-454] Reading design checkpoint '/home/suhail/Documents/UART/UART.srcs/sources_1/bd/system/ip/system_rst_ps7_0_50M_0/system_rst_ps7_0_50M_0.dcp' for cell 'system_i/rst_ps7_0_50M'
INFO: [Project 1-454] Reading design checkpoint '/home/suhail/Documents/UART/UART.srcs/sources_1/bd/system/ip/system_xlconcat_0_0/system_xlconcat_0_0.dcp' for cell 'system_i/xlconcat_0'
INFO: [Project 1-454] Reading design checkpoint '/home/suhail/Documents/UART/UART.srcs/sources_1/bd/system/ip/system_xbar_0/system_xbar_0.dcp' for cell 'system_i/ps7_0_axi_periph/xbar'
INFO: [Project 1-454] Reading design checkpoint '/home/suhail/Documents/UART/UART.srcs/sources_1/bd/system/ip/system_auto_pc_0/system_auto_pc_0.dcp' for cell 'system_i/ps7_0_axi_periph/s00_couplers/auto_pc'
INFO: [Netlist 29-17] Analyzing 27 Unisim elements for replacement
INFO: [Netlist 29-28] Unisim Transformation completed in 0 CPU seconds
INFO: [Project 1-479] Netlist was created with Vivado 2017.4
INFO: [Device 21-403] Loading part xc7z020clg400-1
INFO: [Project 1-570] Preparing netlist for logic optimization
Parsing XDC File [/home/suhail/Documents/UART/UART.srcs/sources_1/bd/system/ip/system_processing_system7_0_0/system_processing_system7_0_0.xdc] for cell 'system_i/processing_system7_0/inst'
Finished Parsing XDC File [/home/suhail/Documents/UART/UART.srcs/sources_1/bd/system/ip/system_processing_system7_0_0/system_processing_system7_0_0.xdc] for cell 'system_i/processing_system7_0/inst'
Parsing XDC File [/home/suhail/Documents/UART/UART.srcs/sources_1/bd/system/ip/system_axi_gpio_0_0/system_axi_gpio_0_0_board.xdc] for cell 'system_i/axi_gpio_0/U0'
Finished Parsing XDC File [/home/suhail/Documents/UART/UART.srcs/sources_1/bd/system/ip/system_axi_gpio_0_0/system_axi_gpio_0_0_board.xdc] for cell 'system_i/axi_gpio_0/U0'
Parsing XDC File [/home/suhail/Documents/UART/UART.srcs/sources_1/bd/system/ip/system_axi_gpio_0_0/system_axi_gpio_0_0.xdc] for cell 'system_i/axi_gpio_0/U0'
Finished Parsing XDC File [/home/suhail/Documents/UART/UART.srcs/sources_1/bd/system/ip/system_axi_gpio_0_0/system_axi_gpio_0_0.xdc] for cell 'system_i/axi_gpio_0/U0'
Parsing XDC File [/home/suhail/Documents/UART/UART.srcs/sources_1/bd/system/ip/system_axi_gpio_1_0/system_axi_gpio_1_0_board.xdc] for cell 'system_i/axi_gpio_1/U0'
Finished Parsing XDC File [/home/suhail/Documents/UART/UART.srcs/sources_1/bd/system/ip/system_axi_gpio_1_0/system_axi_gpio_1_0_board.xdc] for cell 'system_i/axi_gpio_1/U0'
Parsing XDC File [/home/suhail/Documents/UART/UART.srcs/sources_1/bd/system/ip/system_axi_gpio_1_0/system_axi_gpio_1_0.xdc] for cell 'system_i/axi_gpio_1/U0'
Finished Parsing XDC File [/home/suhail/Documents/UART/UART.srcs/sources_1/bd/system/ip/system_axi_gpio_1_0/system_axi_gpio_1_0.xdc] for cell 'system_i/axi_gpio_1/U0'
Parsing XDC File [/home/suhail/Documents/UART/UART.srcs/sources_1/bd/system/ip/system_axi_uartlite_0_0/system_axi_uartlite_0_0_board.xdc] for cell 'system_i/axi_uartlite_0/U0'
Finished Parsing XDC File [/home/suhail/Documents/UART/UART.srcs/sources_1/bd/system/ip/system_axi_uartlite_0_0/system_axi_uartlite_0_0_board.xdc] for cell 'system_i/axi_uartlite_0/U0'
Parsing XDC File [/home/suhail/Documents/UART/UART.srcs/sources_1/bd/system/ip/system_axi_uartlite_0_0/system_axi_uartlite_0_0.xdc] for cell 'system_i/axi_uartlite_0/U0'
Finished Parsing XDC File [/home/suhail/Documents/UART/UART.srcs/sources_1/bd/system/ip/system_axi_uartlite_0_0/system_axi_uartlite_0_0.xdc] for cell 'system_i/axi_uartlite_0/U0'
Parsing XDC File [/home/suhail/Documents/UART/UART.srcs/sources_1/bd/system/ip/system_rst_ps7_0_50M_0/system_rst_ps7_0_50M_0_board.xdc] for cell 'system_i/rst_ps7_0_50M/U0'
Finished Parsing XDC File [/home/suhail/Documents/UART/UART.srcs/sources_1/bd/system/ip/system_rst_ps7_0_50M_0/system_rst_ps7_0_50M_0_board.xdc] for cell 'system_i/rst_ps7_0_50M/U0'
Parsing XDC File [/home/suhail/Documents/UART/UART.srcs/sources_1/bd/system/ip/system_rst_ps7_0_50M_0/system_rst_ps7_0_50M_0.xdc] for cell 'system_i/rst_ps7_0_50M/U0'
Finished Parsing XDC File [/home/suhail/Documents/UART/UART.srcs/sources_1/bd/system/ip/system_rst_ps7_0_50M_0/system_rst_ps7_0_50M_0.xdc] for cell 'system_i/rst_ps7_0_50M/U0'
Parsing XDC File [/home/suhail/Documents/UART/UART.srcs/constrs_1/new/constraints.xdc]
Finished Parsing XDC File [/home/suhail/Documents/UART/UART.srcs/constrs_1/new/constraints.xdc]
INFO: [Opt 31-138] Pushed 0 inverter(s) to 0 load pin(s).
INFO: [Project 1-111] Unisim Transformation Summary:
  A total of 4 instances were transformed.
  IOBUF => IOBUF (IBUF, OBUFT): 4 instances

18 Infos, 0 Warnings, 0 Critical Warnings and 0 Errors encountered.
link_design completed successfully
link_design: Time (s): cpu = 00:00:18 ; elapsed = 00:00:36 . Memory (MB): peak = 1518.258 ; gain = 340.375 ; free physical = 3829 ; free virtual = 4670
Command: opt_design
Attempting to get a license for feature 'Implementation' and/or device 'xc7z020'
INFO: [Common 17-349] Got license for feature 'Implementation' and/or device 'xc7z020'
Running DRC as a precondition to command opt_design

Starting DRC Task
INFO: [DRC 23-27] Running DRC with 4 threads
INFO: [Project 1-461] DRC finished with 0 Errors
INFO: [Project 1-462] Please refer to the DRC report (report_drc) for more information.

Time (s): cpu = 00:00:02 ; elapsed = 00:00:02 . Memory (MB): peak = 1560.266 ; gain = 42.008 ; free physical = 3823 ; free virtual = 4666
INFO: [Timing 38-35] Done setting XDC timing constraints.

Starting Logic Optimization Task

Phase 1 Retarget
INFO: [Opt 31-138] Pushed 0 inverter(s) to 0 load pin(s).
INFO: [Opt 31-49] Retargeted 0 cell(s).
Phase 1 Retarget | Checksum: 21fe24c7d

Time (s): cpu = 00:00:00.28 ; elapsed = 00:00:00.36 . Memory (MB): peak = 2010.758 ; gain = 0.000 ; free physical = 3431 ; free virtual = 4274
INFO: [Opt 31-389] Phase Retarget created 46 cells and removed 88 cells

Phase 2 Constant propagation
INFO: [Opt 31-138] Pushed 0 inverter(s) to 0 load pin(s).
Phase 2 Constant propagation | Checksum: 21fe24c7d

Time (s): cpu = 00:00:00.33 ; elapsed = 00:00:00.41 . Memory (MB): peak = 2010.758 ; gain = 0.000 ; free physical = 3431 ; free virtual = 4274
INFO: [Opt 31-389] Phase Constant propagation created 0 cells and removed 0 cells

Phase 3 Sweep
Phase 3 Sweep | Checksum: 1b2130d3f

Time (s): cpu = 00:00:01 ; elapsed = 00:00:01 . Memory (MB): peak = 2010.758 ; gain = 0.000 ; free physical = 3431 ; free virtual = 4274
INFO: [Opt 31-389] Phase Sweep created 0 cells and removed 173 cells

Phase 4 BUFG optimization
Phase 4 BUFG optimization | Checksum: 1b2130d3f

Time (s): cpu = 00:00:01 ; elapsed = 00:00:01 . Memory (MB): peak = 2010.758 ; gain = 0.000 ; free physical = 3431 ; free virtual = 4274
INFO: [Opt 31-389] Phase BUFG optimization created 0 cells and removed 0 cells

Phase 5 Shift Register Optimization
Phase 5 Shift Register Optimization | Checksum: 1b2130d3f

Time (s): cpu = 00:00:01 ; elapsed = 00:00:01 . Memory (MB): peak = 2010.758 ; gain = 0.000 ; free physical = 3430 ; free virtual = 4273
INFO: [Opt 31-389] Phase Shift Register Optimization created 0 cells and removed 0 cells

Starting Connectivity Check Task

Time (s): cpu = 00:00:00.01 ; elapsed = 00:00:00.01 . Memory (MB): peak = 2010.758 ; gain = 0.000 ; free physical = 3431 ; free virtual = 4274
Ending Logic Optimization Task | Checksum: 147b89dbc

Time (s): cpu = 00:00:02 ; elapsed = 00:00:02 . Memory (MB): peak = 2010.758 ; gain = 0.000 ; free physical = 3431 ; free virtual = 4274

Starting Power Optimization Task
INFO: [Pwropt 34-132] Skipping clock gating for clocks with a period < 2.00 ns.
Ending Power Optimization Task | Checksum: 178da2df1

Time (s): cpu = 00:00:00.03 ; elapsed = 00:00:00.05 . Memory (MB): peak = 2010.758 ; gain = 0.000 ; free physical = 3430 ; free virtual = 4274
INFO: [Common 17-83] Releasing license: Implementation
33 Infos, 0 Warnings, 0 Critical Warnings and 0 Errors encountered.
opt_design completed successfully
opt_design: Time (s): cpu = 00:00:18 ; elapsed = 00:00:32 . Memory (MB): peak = 2010.758 ; gain = 492.500 ; free physical = 3430 ; free virtual = 4274
Writing placer database...
Writing XDEF routing.
Writing XDEF routing logical nets.
Writing XDEF routing special nets.
Write XDEF Complete: Time (s): cpu = 00:00:00.15 ; elapsed = 00:00:00.06 . Memory (MB): peak = 2034.770 ; gain = 0.000 ; free physical = 3427 ; free virtual = 4272
INFO: [Common 17-1381] The checkpoint '/home/suhail/Documents/UART/UART.runs/impl_1/system_wrapper_opt.dcp' has been generated.
INFO: [runtcl-4] Executing : report_drc -file system_wrapper_drc_opted.rpt -pb system_wrapper_drc_opted.pb -rpx system_wrapper_drc_opted.rpx
Command: report_drc -file system_wrapper_drc_opted.rpt -pb system_wrapper_drc_opted.pb -rpx system_wrapper_drc_opted.rpx
INFO: [IP_Flow 19-1839] IP Catalog is up to date.
INFO: [DRC 23-27] Running DRC with 4 threads
INFO: [Coretcl 2-168] The results of DRC are in file /home/suhail/Documents/UART/UART.runs/impl_1/system_wrapper_drc_opted.rpt.
report_drc completed successfully
INFO: [Chipscope 16-241] No debug cores found in the current design.
Before running the implement_debug_core command, either use the Set Up Debug wizard (GUI mode)
or use the create_debug_core and connect_debug_core Tcl commands to insert debug cores into the design.
Command: place_design
Attempting to get a license for feature 'Implementation' and/or device 'xc7z020'
INFO: [Common 17-349] Got license for feature 'Implementation' and/or device 'xc7z020'
INFO: [DRC 23-27] Running DRC with 4 threads
INFO: [Vivado_Tcl 4-198] DRC finished with 0 Errors
INFO: [Vivado_Tcl 4-199] Please refer to the DRC report (report_drc) for more information.
Running DRC as a precondition to command place_design
INFO: [DRC 23-27] Running DRC with 4 threads
INFO: [Vivado_Tcl 4-198] DRC finished with 0 Errors
INFO: [Vivado_Tcl 4-199] Please refer to the DRC report (report_drc) for more information.

Starting Placer Task
INFO: [Place 30-611] Multithreading enabled for place_design using a maximum of 4 CPUs

Phase 1 Placer Initialization

Phase 1.1 Placer Initialization Netlist Sorting
Netlist sorting complete. Time (s): cpu = 00:00:00 ; elapsed = 00:00:00.01 . Memory (MB): peak = 2042.773 ; gain = 0.000 ; free physical = 3396 ; free virtual = 4242
Phase 1.1 Placer Initialization Netlist Sorting | Checksum: 1035c9cde

Time (s): cpu = 00:00:00.02 ; elapsed = 00:00:00.09 . Memory (MB): peak = 2042.773 ; gain = 0.000 ; free physical = 3396 ; free virtual = 4242
INFO: [Timing 38-35] Done setting XDC timing constraints.
INFO: [Opt 31-138] Pushed 0 inverter(s) to 0 load pin(s).
Netlist sorting complete. Time (s): cpu = 00:00:00 ; elapsed = 00:00:00.01 . Memory (MB): peak = 2042.773 ; gain = 0.000 ; free physical = 3400 ; free virtual = 4245

Phase 1.2 IO Placement/ Clock Placement/ Build Placer Device
INFO: [Timing 38-35] Done setting XDC timing constraints.
Phase 1.2 IO Placement/ Clock Placement/ Build Placer Device | Checksum: b05cf491

Time (s): cpu = 00:00:02 ; elapsed = 00:00:02 . Memory (MB): peak = 2042.773 ; gain = 0.000 ; free physical = 3406 ; free virtual = 4255

Phase 1.3 Build Placer Netlist Model
Phase 1.3 Build Placer Netlist Model | Checksum: 172cb5b53

Time (s): cpu = 00:00:03 ; elapsed = 00:00:03 . Memory (MB): peak = 2045.785 ; gain = 3.012 ; free physical = 3401 ; free virtual = 4251

Phase 1.4 Constrain Clocks/Macros
Phase 1.4 Constrain Clocks/Macros | Checksum: 172cb5b53

Time (s): cpu = 00:00:03 ; elapsed = 00:00:03 . Memory (MB): peak = 2045.785 ; gain = 3.012 ; free physical = 3401 ; free virtual = 4251
Phase 1 Placer Initialization | Checksum: 172cb5b53

Time (s): cpu = 00:00:03 ; elapsed = 00:00:03 . Memory (MB): peak = 2045.785 ; gain = 3.012 ; free physical = 3401 ; free virtual = 4251

Phase 2 Global Placement
Phase 2 Global Placement | Checksum: 111e985a7

Time (s): cpu = 00:00:07 ; elapsed = 00:00:06 . Memory (MB): peak = 2069.797 ; gain = 27.023 ; free physical = 3388 ; free virtual = 4239

Phase 3 Detail Placement

Phase 3.1 Commit Multi Column Macros
Phase 3.1 Commit Multi Column Macros | Checksum: 111e985a7

Time (s): cpu = 00:00:07 ; elapsed = 00:00:06 . Memory (MB): peak = 2069.797 ; gain = 27.023 ; free physical = 3388 ; free virtual = 4239

Phase 3.2 Commit Most Macros & LUTRAMs
Phase 3.2 Commit Most Macros & LUTRAMs | Checksum: 166d67edb

Time (s): cpu = 00:00:08 ; elapsed = 00:00:06 . Memory (MB): peak = 2069.797 ; gain = 27.023 ; free physical = 3387 ; free virtual = 4239

Phase 3.3 Area Swap Optimization
Phase 3.3 Area Swap Optimization | Checksum: 1b58ab43c

Time (s): cpu = 00:00:08 ; elapsed = 00:00:06 . Memory (MB): peak = 2069.797 ; gain = 27.023 ; free physical = 3387 ; free virtual = 4238

Phase 3.4 Pipeline Register Optimization
Phase 3.4 Pipeline Register Optimization | Checksum: 1b58ab43c

Time (s): cpu = 00:00:08 ; elapsed = 00:00:06 . Memory (MB): peak = 2069.797 ; gain = 27.023 ; free physical = 3387 ; free virtual = 4239

Phase 3.5 Small Shape Detail Placement
Phase 3.5 Small Shape Detail Placement | Checksum: 23ea51e98

Time (s): cpu = 00:00:09 ; elapsed = 00:00:07 . Memory (MB): peak = 2069.797 ; gain = 27.023 ; free physical = 3385 ; free virtual = 4236

Phase 3.6 Re-assign LUT pins
Phase 3.6 Re-assign LUT pins | Checksum: 289887559

Time (s): cpu = 00:00:09 ; elapsed = 00:00:07 . Memory (MB): peak = 2069.797 ; gain = 27.023 ; free physical = 3385 ; free virtual = 4236

Phase 3.7 Pipeline Register Optimization
Phase 3.7 Pipeline Register Optimization | Checksum: 289887559

Time (s): cpu = 00:00:09 ; elapsed = 00:00:07 . Memory (MB): peak = 2069.797 ; gain = 27.023 ; free physical = 3385 ; free virtual = 4236
Phase 3 Detail Placement | Checksum: 289887559

Time (s): cpu = 00:00:09 ; elapsed = 00:00:07 . Memory (MB): peak = 2069.797 ; gain = 27.023 ; free physical = 3385 ; free virtual = 4236

Phase 4 Post Placement Optimization and Clean-Up

Phase 4.1 Post Commit Optimization
INFO: [Timing 38-35] Done setting XDC timing constraints.

Phase 4.1.1 Post Placement Optimization
Post Placement Optimization Initialization | Checksum: e78f6dcd

Phase 4.1.1.1 BUFG Insertion
INFO: [Physopt 32-721] Multithreading enabled for phys_opt_design using a maximum of 4 CPUs
INFO: [Place 46-31] BUFG insertion identified 0 candidate nets, 0 success, 0 skipped for placement/routing, 0 skipped for timing, 0 skipped for netlist change reason.
Phase 4.1.1.1 BUFG Insertion | Checksum: e78f6dcd

Time (s): cpu = 00:00:10 ; elapsed = 00:00:08 . Memory (MB): peak = 2069.797 ; gain = 27.023 ; free physical = 3383 ; free virtual = 4235
INFO: [Place 30-746] Post Placement Timing Summary WNS=13.614. For the most accurate timing information please run report_timing.
Phase 4.1.1 Post Placement Optimization | Checksum: 116f82279

Time (s): cpu = 00:00:10 ; elapsed = 00:00:08 . Memory (MB): peak = 2069.797 ; gain = 27.023 ; free physical = 3383 ; free virtual = 4235
Phase 4.1 Post Commit Optimization | Checksum: 116f82279

Time (s): cpu = 00:00:10 ; elapsed = 00:00:08 . Memory (MB): peak = 2069.797 ; gain = 27.023 ; free physical = 3383 ; free virtual = 4235

Phase 4.2 Post Placement Cleanup
Phase 4.2 Post Placement Cleanup | Checksum: 116f82279

Time (s): cpu = 00:00:10 ; elapsed = 00:00:08 . Memory (MB): peak = 2069.797 ; gain = 27.023 ; free physical = 3384 ; free virtual = 4236

Phase 4.3 Placer Reporting
Phase 4.3 Placer Reporting | Checksum: 116f82279

Time (s): cpu = 00:00:10 ; elapsed = 00:00:08 . Memory (MB): peak = 2069.797 ; gain = 27.023 ; free physical = 3384 ; free virtual = 4236

Phase 4.4 Final Placement Cleanup
Phase 4.4 Final Placement Cleanup | Checksum: 133d7d349

Time (s): cpu = 00:00:10 ; elapsed = 00:00:08 . Memory (MB): peak = 2069.797 ; gain = 27.023 ; free physical = 3384 ; free virtual = 4236
Phase 4 Post Placement Optimization and Clean-Up | Checksum: 133d7d349

Time (s): cpu = 00:00:10 ; elapsed = 00:00:08 . Memory (MB): peak = 2069.797 ; gain = 27.023 ; free physical = 3384 ; free virtual = 4236
Ending Placer Task | Checksum: f89d79ba

Time (s): cpu = 00:00:10 ; elapsed = 00:00:08 . Memory (MB): peak = 2069.797 ; gain = 27.023 ; free physical = 3393 ; free virtual = 4246
INFO: [Common 17-83] Releasing license: Implementation
55 Infos, 0 Warnings, 0 Critical Warnings and 0 Errors encountered.
place_design completed successfully
place_design: Time (s): cpu = 00:00:12 ; elapsed = 00:00:11 . Memory (MB): peak = 2069.797 ; gain = 27.023 ; free physical = 3393 ; free virtual = 4246
Writing placer database...
Writing XDEF routing.
Writing XDEF routing logical nets.
Writing XDEF routing special nets.
Write XDEF Complete: Time (s): cpu = 00:00:00.40 ; elapsed = 00:00:00.15 . Memory (MB): peak = 2069.797 ; gain = 0.000 ; free physical = 3390 ; free virtual = 4246
INFO: [Common 17-1381] The checkpoint '/home/suhail/Documents/UART/UART.runs/impl_1/system_wrapper_placed.dcp' has been generated.
INFO: [runtcl-4] Executing : report_io -file system_wrapper_io_placed.rpt
report_io: Time (s): cpu = 00:00:00.18 ; elapsed = 00:00:00.25 . Memory (MB): peak = 2069.797 ; gain = 0.000 ; free physical = 3383 ; free virtual = 4237
INFO: [runtcl-4] Executing : report_utilization -file system_wrapper_utilization_placed.rpt -pb system_wrapper_utilization_placed.pb
report_utilization: Time (s): cpu = 00:00:00.16 ; elapsed = 00:00:00.19 . Memory (MB): peak = 2069.797 ; gain = 0.000 ; free physical = 3392 ; free virtual = 4245
INFO: [runtcl-4] Executing : report_control_sets -verbose -file system_wrapper_control_sets_placed.rpt
report_control_sets: Time (s): cpu = 00:00:00.08 ; elapsed = 00:00:00.14 . Memory (MB): peak = 2069.797 ; gain = 0.000 ; free physical = 3392 ; free virtual = 4245
Command: route_design
Attempting to get a license for feature 'Implementation' and/or device 'xc7z020'
INFO: [Common 17-349] Got license for feature 'Implementation' and/or device 'xc7z020'
Running DRC as a precondition to command route_design
INFO: [DRC 23-27] Running DRC with 4 threads
INFO: [Vivado_Tcl 4-198] DRC finished with 0 Errors
INFO: [Vivado_Tcl 4-199] Please refer to the DRC report (report_drc) for more information.


Starting Routing Task
INFO: [Route 35-254] Multithreading enabled for route_design using a maximum of 4 CPUs
Checksum: PlaceDB: d7891717 ConstDB: 0 ShapeSum: 211462a3 RouteDB: 0

Phase 1 Build RT Design
Phase 1 Build RT Design | Checksum: 17478d8ff

Time (s): cpu = 00:00:28 ; elapsed = 00:00:24 . Memory (MB): peak = 2189.461 ; gain = 119.664 ; free physical = 3252 ; free virtual = 4106
Post Restoration Checksum: NetGraph: ca44fdfd NumContArr: aa33db02 Constraints: 0 Timing: 0

Phase 2 Router Initialization

Phase 2.1 Create Timer
Phase 2.1 Create Timer | Checksum: 17478d8ff

Time (s): cpu = 00:00:28 ; elapsed = 00:00:24 . Memory (MB): peak = 2189.461 ; gain = 119.664 ; free physical = 3252 ; free virtual = 4106

Phase 2.2 Fix Topology Constraints
Phase 2.2 Fix Topology Constraints | Checksum: 17478d8ff

Time (s): cpu = 00:00:28 ; elapsed = 00:00:24 . Memory (MB): peak = 2189.461 ; gain = 119.664 ; free physical = 3236 ; free virtual = 4090

Phase 2.3 Pre Route Cleanup
Phase 2.3 Pre Route Cleanup | Checksum: 17478d8ff

Time (s): cpu = 00:00:28 ; elapsed = 00:00:24 . Memory (MB): peak = 2189.461 ; gain = 119.664 ; free physical = 3236 ; free virtual = 4090
 Number of Nodes with overlaps = 0

Phase 2.4 Update Timing
Phase 2.4 Update Timing | Checksum: 16e35511b

Time (s): cpu = 00:00:29 ; elapsed = 00:00:25 . Memory (MB): peak = 2209.812 ; gain = 140.016 ; free physical = 3230 ; free virtual = 4085
INFO: [Route 35-416] Intermediate Timing Summary | WNS=13.656 | TNS=0.000  | WHS=-0.144 | THS=-25.830|

Phase 2 Router Initialization | Checksum: 15fe128af

Time (s): cpu = 00:00:30 ; elapsed = 00:00:25 . Memory (MB): peak = 2209.812 ; gain = 140.016 ; free physical = 3228 ; free virtual = 4083

Phase 3 Initial Routing
Phase 3 Initial Routing | Checksum: 1313069dc

Time (s): cpu = 00:00:30 ; elapsed = 00:00:25 . Memory (MB): peak = 2209.812 ; gain = 140.016 ; free physical = 3229 ; free virtual = 4084

Phase 4 Rip-up And Reroute

Phase 4.1 Global Iteration 0
 Number of Nodes with overlaps = 118
 Number of Nodes with overlaps = 1
 Number of Nodes with overlaps = 0
INFO: [Route 35-416] Intermediate Timing Summary | WNS=13.272 | TNS=0.000  | WHS=N/A    | THS=N/A    |

Phase 4.1 Global Iteration 0 | Checksum: 1d5530609

Time (s): cpu = 00:00:31 ; elapsed = 00:00:26 . Memory (MB): peak = 2209.812 ; gain = 140.016 ; free physical = 3229 ; free virtual = 4084

Phase 4.2 Global Iteration 1
 Number of Nodes with overlaps = 0
INFO: [Route 35-416] Intermediate Timing Summary | WNS=13.272 | TNS=0.000  | WHS=N/A    | THS=N/A    |

Phase 4.2 Global Iteration 1 | Checksum: 2d57ff22e

Time (s): cpu = 00:00:31 ; elapsed = 00:00:26 . Memory (MB): peak = 2209.812 ; gain = 140.016 ; free physical = 3229 ; free virtual = 4084
Phase 4 Rip-up And Reroute | Checksum: 2d57ff22e

Time (s): cpu = 00:00:31 ; elapsed = 00:00:26 . Memory (MB): peak = 2209.812 ; gain = 140.016 ; free physical = 3229 ; free virtual = 4084

Phase 5 Delay and Skew Optimization

Phase 5.1 Delay CleanUp
Phase 5.1 Delay CleanUp | Checksum: 2d57ff22e

Time (s): cpu = 00:00:31 ; elapsed = 00:00:26 . Memory (MB): peak = 2209.812 ; gain = 140.016 ; free physical = 3229 ; free virtual = 4084

Phase 5.2 Clock Skew Optimization
Phase 5.2 Clock Skew Optimization | Checksum: 2d57ff22e

Time (s): cpu = 00:00:31 ; elapsed = 00:00:26 . Memory (MB): peak = 2209.812 ; gain = 140.016 ; free physical = 3229 ; free virtual = 4084
Phase 5 Delay and Skew Optimization | Checksum: 2d57ff22e

Time (s): cpu = 00:00:31 ; elapsed = 00:00:26 . Memory (MB): peak = 2209.812 ; gain = 140.016 ; free physical = 3229 ; free virtual = 4084

Phase 6 Post Hold Fix

Phase 6.1 Hold Fix Iter

Phase 6.1.1 Update Timing
Phase 6.1.1 Update Timing | Checksum: 20470052d

Time (s): cpu = 00:00:32 ; elapsed = 00:00:26 . Memory (MB): peak = 2209.812 ; gain = 140.016 ; free physical = 3229 ; free virtual = 4084
INFO: [Route 35-416] Intermediate Timing Summary | WNS=13.403 | TNS=0.000  | WHS=0.086  | THS=0.000  |

Phase 6.1 Hold Fix Iter | Checksum: 211d883ea

Time (s): cpu = 00:00:32 ; elapsed = 00:00:26 . Memory (MB): peak = 2209.812 ; gain = 140.016 ; free physical = 3229 ; free virtual = 4084
Phase 6 Post Hold Fix | Checksum: 211d883ea

Time (s): cpu = 00:00:32 ; elapsed = 00:00:26 . Memory (MB): peak = 2209.812 ; gain = 140.016 ; free physical = 3229 ; free virtual = 4084

Phase 7 Route finalize

Router Utilization Summary
  Global Vertical Routing Utilization    = 0.239464 %
  Global Horizontal Routing Utilization  = 0.310767 %
  Routable Net Status*
  *Does not include unroutable nets such as driverless and loadless.
  Run report_route_status for detailed report.
  Number of Failed Nets               = 0
  Number of Unrouted Nets             = 0
  Number of Partially Routed Nets     = 0
  Number of Node Overlaps             = 0

Phase 7 Route finalize | Checksum: 25563851a

Time (s): cpu = 00:00:32 ; elapsed = 00:00:26 . Memory (MB): peak = 2209.812 ; gain = 140.016 ; free physical = 3229 ; free virtual = 4084

Phase 8 Verifying routed nets

 Verification completed successfully
Phase 8 Verifying routed nets | Checksum: 25563851a

Time (s): cpu = 00:00:32 ; elapsed = 00:00:26 . Memory (MB): peak = 2209.812 ; gain = 140.016 ; free physical = 3228 ; free virtual = 4083

Phase 9 Depositing Routes
Phase 9 Depositing Routes | Checksum: 1c57e12a9

Time (s): cpu = 00:00:32 ; elapsed = 00:00:26 . Memory (MB): peak = 2209.812 ; gain = 140.016 ; free physical = 3228 ; free virtual = 4083

Phase 10 Post Router Timing
INFO: [Route 35-57] Estimated Timing Summary | WNS=13.403 | TNS=0.000  | WHS=0.086  | THS=0.000  |

INFO: [Route 35-327] The final timing numbers are based on the router estimated timing analysis. For a complete and accurate timing signoff, please run report_timing_summary.
Phase 10 Post Router Timing | Checksum: 1c57e12a9

Time (s): cpu = 00:00:32 ; elapsed = 00:00:26 . Memory (MB): peak = 2209.812 ; gain = 140.016 ; free physical = 3229 ; free virtual = 4083
INFO: [Route 35-16] Router Completed Successfully

Time (s): cpu = 00:00:32 ; elapsed = 00:00:26 . Memory (MB): peak = 2209.812 ; gain = 140.016 ; free physical = 3247 ; free virtual = 4102

Routing Is Done.
INFO: [Common 17-83] Releasing license: Implementation
72 Infos, 0 Warnings, 0 Critical Warnings and 0 Errors encountered.
route_design completed successfully
route_design: Time (s): cpu = 00:00:35 ; elapsed = 00:00:28 . Memory (MB): peak = 2209.812 ; gain = 140.016 ; free physical = 3247 ; free virtual = 4102
Writing placer database...
Writing XDEF routing.
Writing XDEF routing logical nets.
Writing XDEF routing special nets.
Write XDEF Complete: Time (s): cpu = 00:00:00.45 ; elapsed = 00:00:00.18 . Memory (MB): peak = 2209.812 ; gain = 0.000 ; free physical = 3240 ; free virtual = 4100
INFO: [Common 17-1381] The checkpoint '/home/suhail/Documents/UART/UART.runs/impl_1/system_wrapper_routed.dcp' has been generated.
INFO: [runtcl-4] Executing : report_drc -file system_wrapper_drc_routed.rpt -pb system_wrapper_drc_routed.pb -rpx system_wrapper_drc_routed.rpx
Command: report_drc -file system_wrapper_drc_routed.rpt -pb system_wrapper_drc_routed.pb -rpx system_wrapper_drc_routed.rpx
INFO: [IP_Flow 19-1839] IP Catalog is up to date.
INFO: [DRC 23-27] Running DRC with 4 threads
INFO: [Coretcl 2-168] The results of DRC are in file /home/suhail/Documents/UART/UART.runs/impl_1/system_wrapper_drc_routed.rpt.
report_drc completed successfully
INFO: [runtcl-4] Executing : report_methodology -file system_wrapper_methodology_drc_routed.rpt -pb system_wrapper_methodology_drc_routed.pb -rpx system_wrapper_methodology_drc_routed.rpx
Command: report_methodology -file system_wrapper_methodology_drc_routed.rpt -pb system_wrapper_methodology_drc_routed.pb -rpx system_wrapper_methodology_drc_routed.rpx
INFO: [Timing 38-35] Done setting XDC timing constraints.
INFO: [Timing 38-35] Done setting XDC timing constraints.
INFO: [DRC 23-133] Running Methodology with 4 threads
INFO: [Coretcl 2-1520] The results of Report Methodology are in file /home/suhail/Documents/UART/UART.runs/impl_1/system_wrapper_methodology_drc_routed.rpt.
report_methodology completed successfully
INFO: [runtcl-4] Executing : report_power -file system_wrapper_power_routed.rpt -pb system_wrapper_power_summary_routed.pb -rpx system_wrapper_power_routed.rpx
Command: report_power -file system_wrapper_power_routed.rpt -pb system_wrapper_power_summary_routed.pb -rpx system_wrapper_power_routed.rpx
INFO: [Timing 38-35] Done setting XDC timing constraints.
Running Vector-less Activity Propagation...

Finished Running Vector-less Activity Propagation
84 Infos, 0 Warnings, 0 Critical Warnings and 0 Errors encountered.
report_power completed successfully
INFO: [runtcl-4] Executing : report_route_status -file system_wrapper_route_status.rpt -pb system_wrapper_route_status.pb
INFO: [runtcl-4] Executing : report_timing_summary -max_paths 10 -file system_wrapper_timing_summary_routed.rpt -rpx system_wrapper_timing_summary_routed.rpx -warn_on_violation 
INFO: [Timing 38-91] UpdateTimingParams: Speed grade: -1, Delay Type: min_max.
INFO: [Timing 38-191] Multithreading enabled for timing update using a maximum of 4 CPUs
INFO: [runtcl-4] Executing : report_incremental_reuse -file system_wrapper_incremental_reuse_routed.rpt
INFO: [Vivado_Tcl 4-545] No incremental reuse to report, no incremental placement and routing data was found.
INFO: [runtcl-4] Executing : report_clock_utilization -file system_wrapper_clock_utilization_routed.rpt
Command: write_bitstream -force system_wrapper.bit
Attempting to get a license for feature 'Implementation' and/or device 'xc7z020'
INFO: [Common 17-349] Got license for feature 'Implementation' and/or device 'xc7z020'
Running DRC as a precondition to command write_bitstream
INFO: [IP_Flow 19-1839] IP Catalog is up to date.
INFO: [DRC 23-27] Running DRC with 4 threads
INFO: [Vivado 12-3199] DRC finished with 0 Errors
INFO: [Vivado 12-3200] Please refer to the DRC report (report_drc) for more information.
INFO: [Project 1-821] Please set project.enableDesignId to be 'true'.
INFO: [Designutils 20-2272] Running write_bitstream with 4 threads.
Loading data files...
Loading site data...
Loading route data...
Processing options...
Creating bitmap...
Creating bitstream...
Writing bitstream ./system_wrapper.bit...
INFO: [Vivado 12-1842] Bitgen Completed Successfully.
INFO: [Project 1-120] WebTalk data collection is mandatory when using a WebPACK part without a full Vivado license. To see the specific WebTalk data collected for your design, open the usage_statistics_webtalk.html or usage_statistics_webtalk.xml file in the implementation directory.
INFO: [Common 17-186] '/home/suhail/Documents/UART/UART.runs/impl_1/usage_statistics_webtalk.xml' has been successfully sent to Xilinx on Sat Nov 17 02:58:09 2018. For additional details about this file, please refer to the WebTalk help file at /opt/Xilinx/Vivado/2017.4/doc/webtalk_introduction.html.
INFO: [Common 17-83] Releasing license: Implementation
102 Infos, 0 Warnings, 0 Critical Warnings and 0 Errors encountered.
write_bitstream completed successfully
write_bitstream: Time (s): cpu = 00:00:18 ; elapsed = 00:00:20 . Memory (MB): peak = 2562.125 ; gain = 296.270 ; free physical = 3171 ; free virtual = 4043
INFO: [Common 17-206] Exiting Vivado at Sat Nov 17 02:58:09 2018...
